android/app/build/intermediates/manifest_merge_blame_file/debug/processDebugMainManifest/manifest-merger-blame-debug-report.txt
1<?xml version="1.0" encoding="utf-8"?>
2<manifest xmlns:android="http://schemas.android.com/apk/res/android"
3    package="com.hearmee"
4    android:versionCode="1"
5    android:versionName="1.0.0" >
6
7    <uses-sdk
8        android:minSdkVersion="21"
9        android:targetSdkVersion="33" />
10    <!--
11         Flutter needs it to communicate with the running application
12         to allow setting breakpoints, to provide hot reload, etc.
13    -->
14    <uses-permission android:name="android.permission.INTERNET" />
14-->src\debug\AndroidManifest.xml:5:5-67
14-->src\debug\AndroidManifest.xml:5:22-64
15    <!-- Permissions -->
16    <uses-permission android:name="android.permission.RECEIVE_BOOT_COMPLETED" />
16-->src\main\AndroidManifest.xml:4:5-80
16-->src\main\AndroidManifest.xml:4:22-78
17    <uses-permission android:name="android.permission.VIBRATE" />
17-->src\main\AndroidManifest.xml:5:5-65
17-->src\main\AndroidManifest.xml:5:22-63
18    <uses-permission android:name="android.permission.USE_FULL_SCREEN_INTENT" />
18-->src\main\AndroidManifest.xml:6:5-80
18-->src\main\AndroidManifest.xml:6:22-78
19    <uses-permission android:name="android.permission.USE_EXACT_ALARM" />
19-->src\main\AndroidManifest.xml:7:5-73
19-->src\main\AndroidManifest.xml:7:22-71
20    <uses-permission android:name="android.permission.POST_NOTIFICATIONS" /> <!-- For Android 13 and above -->
20-->src\main\AndroidManifest.xml:8:5-76
20-->src\main\AndroidManifest.xml:8:22-74
21    <uses-permission android:name="android.permission.SCHEDULE_EXACT_ALARM" /> <!-- Required to query activities that can process text -->
21-->src\main\AndroidManifest.xml:9:5-78
21-->src\main\AndroidManifest.xml:9:22-76
22    <queries>
22-->src\main\AndroidManifest.xml:78:5-83:15
23        <intent>
23-->src\main\AndroidManifest.xml:79:9-82:18
24            <action android:name="android.intent.action.PROCESS_TEXT" />
24-->src\main\AndroidManifest.xml:80:13-72
24-->src\main\AndroidManifest.xml:80:21-70
25
26            <data android:mimeType="text/plain" />
26-->src\main\AndroidManifest.xml:81:13-50
26-->src\main\AndroidManifest.xml:81:19-48
27        </intent>
28        <intent>
28-->[:contacts_service] AndroidManifest.xml:8:9-10:18
29            <action android:name="android.accounts.AccountAuthenticator" />
29-->[:contacts_service] AndroidManifest.xml:9:13-76
29-->[:contacts_service] AndroidManifest.xml:9:21-73
30        </intent> <!-- Allows the app to load an icon corresponding to the custom MIME type. -->
31        <intent>
31-->[:contacts_service] AndroidManifest.xml:12:9-19:18
32            <action android:name="android.intent.action.VIEW" />
32-->[:contacts_service] AndroidManifest.xml:13:13-65
32-->[:contacts_service] AndroidManifest.xml:13:21-62
33
34            <data
34-->src\main\AndroidManifest.xml:81:13-50
35                android:host="com.android.contacts"
36                android:mimeType="vnd.android.cursor.item/*"
36-->src\main\AndroidManifest.xml:81:19-48
37                android:scheme="content" />
38        </intent>
39        <intent>
39-->[:file_picker] AndroidManifest.xml:12:9-16:18
40            <action android:name="android.intent.action.GET_CONTENT" />
40-->[:file_picker] AndroidManifest.xml:13:13-72
40-->[:file_picker] AndroidManifest.xml:13:21-69
41
42            <data android:mimeType="*/*" />
42-->src\main\AndroidManifest.xml:81:13-50
42-->src\main\AndroidManifest.xml:81:19-48
43        </intent>
44        <intent>
44-->[androidx.media:media:1.4.1] AndroidManifest.xml:25:9-27:18
45            <action android:name="android.media.browse.MediaBrowserService" />
45-->[androidx.media:media:1.4.1] AndroidManifest.xml:26:13-79
45-->[androidx.media:media:1.4.1] AndroidManifest.xml:26:21-76
46        </intent> <!-- Needs to be explicitly declared on Android R+ -->
47        <package android:name="com.google.android.apps.maps" />
47-->[com.google.android.gms:play-services-maps:18.2.0] AndroidManifest.xml:33:9-64
47-->[com.google.android.gms:play-services-maps:18.2.0] AndroidManifest.xml:33:18-61
48    </queries>
49
50    <uses-permission android:name="android.permission.ACCESS_NETWORK_STATE" />
50-->[:connectivity] AndroidManifest.xml:7:5-79
50-->[:connectivity] AndroidManifest.xml:7:22-76
51    <uses-permission
51-->[:file_picker] AndroidManifest.xml:7:5-9:38
52        android:name="android.permission.READ_EXTERNAL_STORAGE"
52-->[:file_picker] AndroidManifest.xml:8:9-64
53        android:maxSdkVersion="32" />
53-->[:file_picker] AndroidManifest.xml:9:9-35
54    <uses-permission android:name="android.permission.WAKE_LOCK" />
54-->[:firebase_analytics] AndroidManifest.xml:9:5-68
54-->[:firebase_analytics] AndroidManifest.xml:9:22-65
55    <uses-permission android:name="android.permission.FOREGROUND_SERVICE" />
55-->[:flutter_background_service_android] AndroidManifest.xml:7:5-77
55-->[:flutter_background_service_android] AndroidManifest.xml:7:22-74
56    <uses-permission android:name="android.permission.ACCESS_COARSE_LOCATION" />
56-->[:location] AndroidManifest.xml:7:5-81
56-->[:location] AndroidManifest.xml:7:22-78
57    <uses-permission android:name="android.permission.ACCESS_FINE_LOCATION" /> <!-- Create a unique permission for your app and use it so only your app can receive your OneSignal messages. -->
57-->[:location] AndroidManifest.xml:8:5-79
57-->[:location] AndroidManifest.xml:8:22-76
58    <permission
58-->[com.onesignal:OneSignal:4.8.10] AndroidManifest.xml:7:5-9:47
59        android:name="com.hearmee.permission.C2D_MESSAGE"
59-->[com.onesignal:OneSignal:4.8.10] AndroidManifest.xml:8:9-63
60        android:protectionLevel="signature" />
60-->[com.onesignal:OneSignal:4.8.10] AndroidManifest.xml:9:9-44
61
62    <uses-permission android:name="com.hearmee.permission.C2D_MESSAGE" /> <!-- c2dm RECEIVE are basic requirements for push messages through Google's FCM -->
62-->[com.onesignal:OneSignal:4.8.10] AndroidManifest.xml:11:5-79
62-->[com.onesignal:OneSignal:4.8.10] AndroidManifest.xml:11:22-76
63    <uses-permission android:name="com.google.android.c2dm.permission.RECEIVE" /> <!-- START: ShortcutBadger -->
63-->[com.onesignal:OneSignal:4.8.10] AndroidManifest.xml:18:5-82
63-->[com.onesignal:OneSignal:4.8.10] AndroidManifest.xml:18:22-79
64    <!-- Samsung -->
65    <uses-permission android:name="com.sec.android.provider.badge.permission.READ" />
65-->[com.onesignal:OneSignal:4.8.10] AndroidManifest.xml:32:5-86
65-->[com.onesignal:OneSignal:4.8.10] AndroidManifest.xml:32:22-83
66    <uses-permission android:name="com.sec.android.provider.badge.permission.WRITE" /> <!-- HTC -->
66-->[com.onesignal:OneSignal:4.8.10] AndroidManifest.xml:33:5-87
66-->[com.onesignal:OneSignal:4.8.10] AndroidManifest.xml:33:22-84
67    <uses-permission android:name="com.htc.launcher.permission.READ_SETTINGS" />
67-->[com.onesignal:OneSignal:4.8.10] AndroidManifest.xml:34:5-81
67-->[com.onesignal:OneSignal:4.8.10] AndroidManifest.xml:34:22-78
68    <uses-permission android:name="com.htc.launcher.permission.UPDATE_SHORTCUT" /> <!-- Sony -->
68-->[com.onesignal:OneSignal:4.8.10] AndroidManifest.xml:35:5-83
68-->[com.onesignal:OneSignal:4.8.10] AndroidManifest.xml:35:22-80
69    <uses-permission android:name="com.sonyericsson.home.permission.BROADCAST_BADGE" />
69-->[com.onesignal:OneSignal:4.8.10] AndroidManifest.xml:36:5-88
69-->[com.onesignal:OneSignal:4.8.10] AndroidManifest.xml:36:22-85
70    <uses-permission android:name="com.sonymobile.home.permission.PROVIDER_INSERT_BADGE" /> <!-- Apex -->
70-->[com.onesignal:OneSignal:4.8.10] AndroidManifest.xml:37:5-92
70-->[com.onesignal:OneSignal:4.8.10] AndroidManifest.xml:37:22-89
71    <uses-permission android:name="com.anddoes.launcher.permission.UPDATE_COUNT" /> <!-- Solid -->
71-->[com.onesignal:OneSignal:4.8.10] AndroidManifest.xml:38:5-84
71-->[com.onesignal:OneSignal:4.8.10] AndroidManifest.xml:38:22-81
72    <uses-permission android:name="com.majeur.launcher.permission.UPDATE_BADGE" /> <!-- Huawei -->
72-->[com.onesignal:OneSignal:4.8.10] AndroidManifest.xml:39:5-83
72-->[com.onesignal:OneSignal:4.8.10] AndroidManifest.xml:39:22-80
73    <uses-permission android:name="com.huawei.android.launcher.permission.CHANGE_BADGE" />
73-->[com.onesignal:OneSignal:4.8.10] AndroidManifest.xml:40:5-91
73-->[com.onesignal:OneSignal:4.8.10] AndroidManifest.xml:40:22-88
74    <uses-permission android:name="com.huawei.android.launcher.permission.READ_SETTINGS" />
74-->[com.onesignal:OneSignal:4.8.10] AndroidManifest.xml:41:5-92
74-->[com.onesignal:OneSignal:4.8.10] AndroidManifest.xml:41:22-89
75    <uses-permission android:name="com.huawei.android.launcher.permission.WRITE_SETTINGS" /> <!-- ZUK -->
75-->[com.onesignal:OneSignal:4.8.10] AndroidManifest.xml:42:5-93
75-->[com.onesignal:OneSignal:4.8.10] AndroidManifest.xml:42:22-90
76    <uses-permission android:name="android.permission.READ_APP_BADGE" /> <!-- OPPO -->
76-->[com.onesignal:OneSignal:4.8.10] AndroidManifest.xml:43:5-73
76-->[com.onesignal:OneSignal:4.8.10] AndroidManifest.xml:43:22-70
77    <uses-permission android:name="com.oppo.launcher.permission.READ_SETTINGS" />
77-->[com.onesignal:OneSignal:4.8.10] AndroidManifest.xml:44:5-82
77-->[com.onesignal:OneSignal:4.8.10] AndroidManifest.xml:44:22-79
78    <uses-permission android:name="com.oppo.launcher.permission.WRITE_SETTINGS" /> <!-- EvMe -->
78-->[com.onesignal:OneSignal:4.8.10] AndroidManifest.xml:45:5-83
78-->[com.onesignal:OneSignal:4.8.10] AndroidManifest.xml:45:22-80
79    <uses-permission android:name="me.everything.badger.permission.BADGE_COUNT_READ" />
79-->[com.onesignal:OneSignal:4.8.10] AndroidManifest.xml:46:5-88
79-->[com.onesignal:OneSignal:4.8.10] AndroidManifest.xml:46:22-85
80    <uses-permission android:name="me.everything.badger.permission.BADGE_COUNT_WRITE" />
80-->[com.onesignal:OneSignal:4.8.10] AndroidManifest.xml:47:5-89
80-->[com.onesignal:OneSignal:4.8.10] AndroidManifest.xml:47:22-86
81    <uses-permission android:name="com.google.android.gms.permission.AD_ID" />
81-->[com.google.android.gms:play-services-measurement-api:21.6.1] AndroidManifest.xml:25:5-79
81-->[com.google.android.gms:play-services-measurement-api:21.6.1] AndroidManifest.xml:25:22-76
82    <uses-permission android:name="android.permission.ACCESS_ADSERVICES_ATTRIBUTION" />
82-->[com.google.android.gms:play-services-measurement-api:21.6.1] AndroidManifest.xml:26:5-88
82-->[com.google.android.gms:play-services-measurement-api:21.6.1] AndroidManifest.xml:26:22-85
83    <uses-permission android:name="android.permission.ACCESS_ADSERVICES_AD_ID" />
83-->[com.google.android.gms:play-services-measurement-api:21.6.1] AndroidManifest.xml:27:5-82
83-->[com.google.android.gms:play-services-measurement-api:21.6.1] AndroidManifest.xml:27:22-79
84    <uses-permission android:name="android.permission.BLUETOOTH" />
84-->[com.github.canardoux:flutter_sound_core:9.2.13] AndroidManifest.xml:11:5-68
84-->[com.github.canardoux:flutter_sound_core:9.2.13] AndroidManifest.xml:11:22-65
85    <uses-permission android:name="android.permission.MODIFY_AUDIO_SETTINGS" />
85-->[com.github.canardoux:flutter_sound_core:9.2.13] AndroidManifest.xml:13:5-80
85-->[com.github.canardoux:flutter_sound_core:9.2.13] AndroidManifest.xml:13:22-77
86
87    <uses-feature
87-->[com.google.android.gms:play-services-maps:18.2.0] AndroidManifest.xml:26:5-28:35
88        android:glEsVersion="0x00020000"
88-->[com.google.android.gms:play-services-maps:18.2.0] AndroidManifest.xml:27:9-41
89        android:required="true" />
89-->[com.google.android.gms:play-services-maps:18.2.0] AndroidManifest.xml:28:9-32
90
91    <uses-permission android:name="com.google.android.providers.gsf.permission.READ_GSERVICES" />
91-->[com.google.android.recaptcha:recaptcha:18.4.0] AndroidManifest.xml:9:5-98
91-->[com.google.android.recaptcha:recaptcha:18.4.0] AndroidManifest.xml:9:22-95
92    <uses-permission android:name="com.google.android.finsky.permission.BIND_GET_INSTALL_REFERRER_SERVICE" />
92-->[com.google.android.gms:play-services-measurement:21.6.1] AndroidManifest.xml:26:5-110
92-->[com.google.android.gms:play-services-measurement:21.6.1] AndroidManifest.xml:26:22-107
93
94    <permission
94-->[androidx.core:core:1.13.1] AndroidManifest.xml:22:5-24:47
95        android:name="com.hearmee.DYNAMIC_RECEIVER_NOT_EXPORTED_PERMISSION"
95-->[androidx.core:core:1.13.1] AndroidManifest.xml:23:9-81
96        android:protectionLevel="signature" />
96-->[androidx.core:core:1.13.1] AndroidManifest.xml:24:9-44
97
98    <uses-permission android:name="com.hearmee.DYNAMIC_RECEIVER_NOT_EXPORTED_PERMISSION" />
98-->[androidx.core:core:1.13.1] AndroidManifest.xml:26:5-97
98-->[androidx.core:core:1.13.1] AndroidManifest.xml:26:22-94
99
100    <application
101        android:name="android.app.Application"
102        android:appComponentFactory="androidx.core.app.CoreComponentFactory"
102-->[androidx.core:core:1.13.1] AndroidManifest.xml:28:18-86
103        android:debuggable="true"
104        android:extractNativeLibs="true"
105        android:icon="@mipmap/ic_launcher"
106        android:label="hearmee"
107        android:theme="@style/LaunchTheme" >
108
109        <!-- Local Notifications Receivers -->
110        <receiver
111            android:name="com.dexterous.flutterlocalnotifications.ScheduledNotificationReceiver"
112            android:exported="false" />
113        <receiver
114            android:name="com.dexterous.flutterlocalnotifications.ScheduledNotificationBootReceiver"
115            android:exported="false" >
116            <intent-filter>
117                <action android:name="android.intent.action.BOOT_COMPLETED" />
117-->[:flutter_background_service_android] AndroidManifest.xml:27:17-79
117-->[:flutter_background_service_android] AndroidManifest.xml:27:25-76
118                <action android:name="android.intent.action.MY_PACKAGE_REPLACED" />
118-->[:flutter_background_service_android] AndroidManifest.xml:29:17-84
118-->[:flutter_background_service_android] AndroidManifest.xml:29:25-81
119                <action android:name="android.intent.action.QUICKBOOT_POWERON" />
119-->[:flutter_background_service_android] AndroidManifest.xml:28:17-82
119-->[:flutter_background_service_android] AndroidManifest.xml:28:25-79
120                <action android:name="com.htc.intent.action.QUICKBOOT_POWERON" />
121            </intent-filter>
122        </receiver>
123        <receiver
124            android:name="com.dexterous.flutterlocalnotifications.ActionBroadcastReceiver"
125            android:exported="false" />
126
127        <!-- Main Activity -->
128        <activity
129            android:name="android.MainActivity"
130            android:configChanges="orientation|keyboardHidden|keyboard|screenSize|smallestScreenSize|locale|layoutDirection|fontScale|screenLayout|density|uiMode"
131            android:exported="true"
132            android:hardwareAccelerated="true"
133            android:launchMode="singleTop"
134            android:taskAffinity=""
135            android:theme="@style/LaunchTheme"
136            android:windowSoftInputMode="adjustResize" >
137
138            <!-- Theme to apply before Flutter UI initializes -->
139            <meta-data
140                android:name="io.flutter.embedding.android.NormalTheme"
141                android:resource="@style/NormalTheme" />
142
143            <!-- Firebase Messaging default notification channel ID -->
144            <meta-data
145                android:name="com.google.firebase.messaging.default_notification_channel_id"
146                android:value="default_notification_channel_id" /> <!-- Update this ID to match your setup -->
147
148
149            <!-- Main activity intent filters -->
150            <intent-filter>
151                <action android:name="android.intent.action.MAIN" />
152
153                <category android:name="android.intent.category.LAUNCHER" />
154            </intent-filter>
155
156            <!-- Intent filter for handling notification clicks -->
157            <intent-filter>
158                <action android:name="FLUTTER_NOTIFICATION_CLICK" />
159
160                <category android:name="android.intent.category.DEFAULT" />
160-->[com.google.firebase:firebase-auth:22.3.1] AndroidManifest.xml:38:17-76
160-->[com.google.firebase:firebase-auth:22.3.1] AndroidManifest.xml:38:27-73
161            </intent-filter>
162        </activity>
163
164        <!-- Required by the Flutter tool -->
165        <meta-data
166            android:name="flutterEmbedding"
167            android:value="2" />
168
169        <service
169-->[:cloud_firestore] AndroidManifest.xml:8:9-12:19
170            android:name="com.google.firebase.components.ComponentDiscoveryService"
170-->[:cloud_firestore] AndroidManifest.xml:8:18-89
171            android:directBootAware="true"
171-->[com.google.firebase:firebase-common:20.4.3] AndroidManifest.xml:32:13-43
172            android:exported="false" >
172-->[com.google.firebase:firebase-auth:22.3.1] AndroidManifest.xml:68:13-37
173            <meta-data
173-->[:cloud_firestore] AndroidManifest.xml:9:13-11:85
174                android:name="com.google.firebase.components:io.flutter.plugins.firebase.firestore.FlutterFirebaseFirestoreRegistrar"
174-->[:cloud_firestore] AndroidManifest.xml:10:17-134
175                android:value="com.google.firebase.components.ComponentRegistrar" />
175-->[:cloud_firestore] AndroidManifest.xml:11:17-82
176            <meta-data
176-->[:firebase_analytics] AndroidManifest.xml:13:13-15:85
177                android:name="com.google.firebase.components:io.flutter.plugins.firebase.analytics.FlutterFirebaseAppRegistrar"
177-->[:firebase_analytics] AndroidManifest.xml:14:17-128
178                android:value="com.google.firebase.components.ComponentRegistrar" />
178-->[:firebase_analytics] AndroidManifest.xml:15:17-82
179            <meta-data
179-->[:firebase_auth] AndroidManifest.xml:9:13-11:85
180                android:name="com.google.firebase.components:io.flutter.plugins.firebase.auth.FlutterFirebaseAuthRegistrar"
180-->[:firebase_auth] AndroidManifest.xml:10:17-124
181                android:value="com.google.firebase.components.ComponentRegistrar" />
181-->[:firebase_auth] AndroidManifest.xml:11:17-82
182            <meta-data
182-->[:firebase_dynamic_links] AndroidManifest.xml:11:13-13:85
183                android:name="com.google.firebase.components:io.flutter.plugins.firebase.dynamiclinks.FlutterFirebaseAppRegistrar"
183-->[:firebase_dynamic_links] AndroidManifest.xml:12:17-131
184                android:value="com.google.firebase.components.ComponentRegistrar" />
184-->[:firebase_dynamic_links] AndroidManifest.xml:13:17-82
185            <meta-data
185-->[:firebase_messaging] AndroidManifest.xml:36:13-38:85
186                android:name="com.google.firebase.components:io.flutter.plugins.firebase.messaging.FlutterFirebaseAppRegistrar"
186-->[:firebase_messaging] AndroidManifest.xml:37:17-128
187                android:value="com.google.firebase.components.ComponentRegistrar" />
187-->[:firebase_messaging] AndroidManifest.xml:38:17-82
188            <meta-data
188-->[:firebase_storage] AndroidManifest.xml:9:13-11:85
189                android:name="com.google.firebase.components:io.flutter.plugins.firebase.storage.FlutterFirebaseAppRegistrar"
189-->[:firebase_storage] AndroidManifest.xml:10:17-126
190                android:value="com.google.firebase.components.ComponentRegistrar" />
190-->[:firebase_storage] AndroidManifest.xml:11:17-82
191            <meta-data
191-->[:firebase_core] AndroidManifest.xml:9:13-11:85
192                android:name="com.google.firebase.components:io.flutter.plugins.firebase.core.FlutterFirebaseCoreRegistrar"
192-->[:firebase_core] AndroidManifest.xml:10:17-124
193                android:value="com.google.firebase.components.ComponentRegistrar" />
193-->[:firebase_core] AndroidManifest.xml:11:17-82
194            <meta-data
194-->[com.google.firebase:firebase-auth:22.3.1] AndroidManifest.xml:69:13-71:85
195                android:name="com.google.firebase.components:com.google.firebase.auth.FirebaseAuthRegistrar"
195-->[com.google.firebase:firebase-auth:22.3.1] AndroidManifest.xml:70:17-109
196                android:value="com.google.firebase.components.ComponentRegistrar" />
196-->[com.google.firebase:firebase-auth:22.3.1] AndroidManifest.xml:71:17-82
197            <meta-data
197-->[com.google.firebase:firebase-firestore:24.11.0] AndroidManifest.xml:17:13-19:85
198                android:name="com.google.firebase.components:com.google.firebase.firestore.FirebaseFirestoreKtxRegistrar"
198-->[com.google.firebase:firebase-firestore:24.11.0] AndroidManifest.xml:18:17-122
199                android:value="com.google.firebase.components.ComponentRegistrar" />
199-->[com.google.firebase:firebase-firestore:24.11.0] AndroidManifest.xml:19:17-82
200            <meta-data
200-->[com.google.firebase:firebase-firestore:24.11.0] AndroidManifest.xml:20:13-22:85
201                android:name="com.google.firebase.components:com.google.firebase.firestore.FirestoreRegistrar"
201-->[com.google.firebase:firebase-firestore:24.11.0] AndroidManifest.xml:21:17-111
202                android:value="com.google.firebase.components.ComponentRegistrar" />
202-->[com.google.firebase:firebase-firestore:24.11.0] AndroidManifest.xml:22:17-82
203            <meta-data
203-->[com.google.firebase:firebase-messaging:23.4.1] AndroidManifest.xml:57:13-59:85
204                android:name="com.google.firebase.components:com.google.firebase.messaging.FirebaseMessagingKtxRegistrar"
204-->[com.google.firebase:firebase-messaging:23.4.1] AndroidManifest.xml:58:17-122
205                android:value="com.google.firebase.components.ComponentRegistrar" />
205-->[com.google.firebase:firebase-messaging:23.4.1] AndroidManifest.xml:59:17-82
206            <meta-data
206-->[com.google.firebase:firebase-messaging:23.4.1] AndroidManifest.xml:60:13-62:85
207                android:name="com.google.firebase.components:com.google.firebase.messaging.FirebaseMessagingRegistrar"
207-->[com.google.firebase:firebase-messaging:23.4.1] AndroidManifest.xml:61:17-119
208                android:value="com.google.firebase.components.ComponentRegistrar" />
208-->[com.google.firebase:firebase-messaging:23.4.1] AndroidManifest.xml:62:17-82
209            <meta-data
209-->[com.google.firebase:firebase-dynamic-links:21.2.0] AndroidManifest.xml:24:13-26:85
210                android:name="com.google.firebase.components:com.google.firebase.dynamiclinks.FirebaseDynamicLinksKtxRegistrar"
210-->[com.google.firebase:firebase-dynamic-links:21.2.0] AndroidManifest.xml:25:17-128
211                android:value="com.google.firebase.components.ComponentRegistrar" />
211-->[com.google.firebase:firebase-dynamic-links:21.2.0] AndroidManifest.xml:26:17-82
212            <meta-data
212-->[com.google.firebase:firebase-dynamic-links:21.2.0] AndroidManifest.xml:27:13-29:85
213                android:name="com.google.firebase.components:com.google.firebase.dynamiclinks.internal.FirebaseDynamicLinkRegistrar"
213-->[com.google.firebase:firebase-dynamic-links:21.2.0] AndroidManifest.xml:28:17-133
214                android:value="com.google.firebase.components.ComponentRegistrar" />
214-->[com.google.firebase:firebase-dynamic-links:21.2.0] AndroidManifest.xml:29:17-82
215            <meta-data
215-->[com.google.firebase:firebase-storage:20.3.0] AndroidManifest.xml:30:13-32:85
216                android:name="com.google.firebase.components:com.google.firebase.storage.FirebaseStorageKtxRegistrar"
216-->[com.google.firebase:firebase-storage:20.3.0] AndroidManifest.xml:31:17-118
217                android:value="com.google.firebase.components.ComponentRegistrar" />
217-->[com.google.firebase:firebase-storage:20.3.0] AndroidManifest.xml:32:17-82
218            <meta-data
218-->[com.google.firebase:firebase-storage:20.3.0] AndroidManifest.xml:33:13-35:85
219                android:name="com.google.firebase.components:com.google.firebase.storage.StorageRegistrar"
219-->[com.google.firebase:firebase-storage:20.3.0] AndroidManifest.xml:34:17-107
220                android:value="com.google.firebase.components.ComponentRegistrar" />
220-->[com.google.firebase:firebase-storage:20.3.0] AndroidManifest.xml:35:17-82
221            <meta-data
221-->[com.google.firebase:firebase-iid:21.1.0] AndroidManifest.xml:32:13-34:85
222                android:name="com.google.firebase.components:com.google.firebase.iid.Registrar"
222-->[com.google.firebase:firebase-iid:21.1.0] AndroidManifest.xml:33:17-96
223                android:value="com.google.firebase.components.ComponentRegistrar" />
223-->[com.google.firebase:firebase-iid:21.1.0] AndroidManifest.xml:34:17-82
224            <meta-data
224-->[com.google.android.gms:play-services-measurement-api:21.6.1] AndroidManifest.xml:37:13-39:85
225                android:name="com.google.firebase.components:com.google.firebase.analytics.connector.internal.AnalyticsConnectorRegistrar"
225-->[com.google.android.gms:play-services-measurement-api:21.6.1] AndroidManifest.xml:38:17-139
226                android:value="com.google.firebase.components.ComponentRegistrar" />
226-->[com.google.android.gms:play-services-measurement-api:21.6.1] AndroidManifest.xml:39:17-82
227            <meta-data
227-->[com.google.firebase:firebase-installations:17.2.0] AndroidManifest.xml:15:13-17:85
228                android:name="com.google.firebase.components:com.google.firebase.installations.FirebaseInstallationsKtxRegistrar"
228-->[com.google.firebase:firebase-installations:17.2.0] AndroidManifest.xml:16:17-130
229                android:value="com.google.firebase.components.ComponentRegistrar" />
229-->[com.google.firebase:firebase-installations:17.2.0] AndroidManifest.xml:17:17-82
230            <meta-data
230-->[com.google.firebase:firebase-installations:17.2.0] AndroidManifest.xml:18:13-20:85
231                android:name="com.google.firebase.components:com.google.firebase.installations.FirebaseInstallationsRegistrar"
231-->[com.google.firebase:firebase-installations:17.2.0] AndroidManifest.xml:19:17-127
232                android:value="com.google.firebase.components.ComponentRegistrar" />
232-->[com.google.firebase:firebase-installations:17.2.0] AndroidManifest.xml:20:17-82
233            <meta-data
233-->[com.google.firebase:firebase-appcheck:17.1.2] AndroidManifest.xml:25:13-27:85
234                android:name="com.google.firebase.components:com.google.firebase.appcheck.FirebaseAppCheckKtxRegistrar"
234-->[com.google.firebase:firebase-appcheck:17.1.2] AndroidManifest.xml:26:17-120
235                android:value="com.google.firebase.components.ComponentRegistrar" />
235-->[com.google.firebase:firebase-appcheck:17.1.2] AndroidManifest.xml:27:17-82
236            <meta-data
236-->[com.google.firebase:firebase-appcheck:17.1.2] AndroidManifest.xml:28:13-30:85
237                android:name="com.google.firebase.components:com.google.firebase.appcheck.FirebaseAppCheckRegistrar"
237-->[com.google.firebase:firebase-appcheck:17.1.2] AndroidManifest.xml:29:17-117
238                android:value="com.google.firebase.components.ComponentRegistrar" />
238-->[com.google.firebase:firebase-appcheck:17.1.2] AndroidManifest.xml:30:17-82
239            <meta-data
239-->[com.google.firebase:firebase-common-ktx:20.4.3] AndroidManifest.xml:12:13-14:85
240                android:name="com.google.firebase.components:com.google.firebase.ktx.FirebaseCommonLegacyRegistrar"
240-->[com.google.firebase:firebase-common-ktx:20.4.3] AndroidManifest.xml:13:17-116
241                android:value="com.google.firebase.components.ComponentRegistrar" />
241-->[com.google.firebase:firebase-common-ktx:20.4.3] AndroidManifest.xml:14:17-82
242            <meta-data
242-->[com.google.firebase:firebase-common:20.4.3] AndroidManifest.xml:35:13-37:85
243                android:name="com.google.firebase.components:com.google.firebase.FirebaseCommonKtxRegistrar"
243-->[com.google.firebase:firebase-common:20.4.3] AndroidManifest.xml:36:17-109
244                android:value="com.google.firebase.components.ComponentRegistrar" />
244-->[com.google.firebase:firebase-common:20.4.3] AndroidManifest.xml:37:17-82
245            <meta-data
245-->[com.google.firebase:firebase-datatransport:18.1.7] AndroidManifest.xml:27:13-29:85
246                android:name="com.google.firebase.components:com.google.firebase.datatransport.TransportRegistrar"
246-->[com.google.firebase:firebase-datatransport:18.1.7] AndroidManifest.xml:28:17-115
247                android:value="com.google.firebase.components.ComponentRegistrar" />
247-->[com.google.firebase:firebase-datatransport:18.1.7] AndroidManifest.xml:29:17-82
248        </service>
249        <service
249-->[:firebase_messaging] AndroidManifest.xml:14:9-17:72
250            android:name="io.flutter.plugins.firebase.messaging.FlutterFirebaseMessagingBackgroundService"
250-->[:firebase_messaging] AndroidManifest.xml:15:13-107
251            android:exported="false"
251-->[:firebase_messaging] AndroidManifest.xml:16:13-37
252            android:permission="android.permission.BIND_JOB_SERVICE" />
252-->[:firebase_messaging] AndroidManifest.xml:17:13-69
253        <service
253-->[:firebase_messaging] AndroidManifest.xml:18:9-24:19
254            android:name="io.flutter.plugins.firebase.messaging.FlutterFirebaseMessagingService"
254-->[:firebase_messaging] AndroidManifest.xml:19:13-97
255            android:exported="false" >
255-->[:firebase_messaging] AndroidManifest.xml:20:13-37
256            <intent-filter>
256-->[:firebase_messaging] AndroidManifest.xml:21:13-23:29
257                <action android:name="com.google.firebase.MESSAGING_EVENT" />
257-->[:firebase_messaging] AndroidManifest.xml:22:17-78
257-->[:firebase_messaging] AndroidManifest.xml:22:25-75
258            </intent-filter>
259        </service>
260
261        <receiver